<?xml version="1.0" encoding="UTF-8"?>
<testsuites name="DemoTestCases" time="37.632" tests="2" failures="0" errors="0">
   <testsuite name="DemoTestCases" tests="2" failures="0" errors="0" time="37.632" skipped="0" timestamp="19-03-2025T17:21:38" hostname="SaKumar - SAKUMAR-0324.freedompay.com" id="Test Suites/DemoTestCases">
      <properties>
         <property name="deviceName" value=""/>
         <property name="devicePlatform"/>
         <property name="logFolder" value="C:\\Users\\sakumar\\git\\katalon_training\\Reports\\20250319_172135\\DemoTestCases\\20250319_172136"/>
         <property name="logFiles" value="C:\\Users\\sakumar\\git\\katalon_training\\Reports\\20250319_172135\\DemoTestCases\\20250319_172136\\execution0.log"/>
         <property name="attachments" value=""/>
         <property name="hostName" value="SaKumar - SAKUMAR-0324.freedompay.com"/>
         <property name="os" value="Windows 11 64bit"/>
         <property name="katalonVersion" value="10.1.0.223"/>
         <property name="browser" value="Chrome 134.0.6998.89"/>
         <property name="hostAddress" value="172.16.0.2"/>
         <property name="sessionId" value="50b451d165920fcc7cdaeef4f56097c7"/>
         <property name="seleniumVersion" value="4.22.0"/>
         <property name="proxyInformation" value="ProxyInformation { proxyOption=NO_PROXY, proxyServerType=HTTP, username=, password=********, proxyServerAddress=, proxyServerPort=0, executionList=&quot;&quot;, isApplyToDesiredCapabilities=true }"/>
         <property name="platform" value="Windows 11"/>
      </properties>
      <testcase name="Test Cases/RegisterPage" time="15.285" classname="Test Cases/RegisterPage" status="PASSED">
         <system-out><![CDATA[19-03-2025T17:21:38 - [TEST_CASE][PASSED] - Test Cases/RegisterPage: Test Cases/RegisterPage

19-03-2025T17:21:38 - [TEST_STEP][PASSED] - openBrowser(""): Browser is opened with url: ''

19-03-2025T17:21:38 - [MESSAGE][INFO] - Starting 'Chrome' driver

19-03-2025T17:21:38 - [MESSAGE][INFO] - Action delay is set to 0 milliseconds

19-03-2025T17:21:40 - [MESSAGE][PASSED] - Browser is opened with url: ''

19-03-2025T17:21:40 - [TEST_STEP][PASSED] - navigateToUrl(url): Navigate to 'https://practice.automationtesting.in/my-account/' successfully

19-03-2025T17:21:43 - [MESSAGE][PASSED] - Navigate to 'https://practice.automationtesting.in/my-account/' successfully

19-03-2025T17:21:43 - [TEST_STEP][PASSED] - maximizeWindow(): Current window maximized

19-03-2025T17:21:44 - [MESSAGE][PASSED] - Current window maximized

19-03-2025T17:21:44 - [TEST_STEP][PASSED] - delay(2): Delayed 2 second(s)

19-03-2025T17:21:46 - [MESSAGE][PASSED] - Delayed 2 second(s)

19-03-2025T17:21:46 - [TEST_STEP][PASSED] - sendKeys(findTestObject("AutomationDemo/Page_My Account  Automation Practice Site/userEmail"), "testing202@gmail.com"): Keys 'testing202@gmail.com' sent to object: 'Object Repository/AutomationDemo/Page_My Account  Automation Practice Site/userEmail'

19-03-2025T17:21:46 - [MESSAGE][PASSED] - Keys 'testing202@gmail.com' sent to object: 'Object Repository/AutomationDemo/Page_My Account  Automation Practice Site/userEmail'

19-03-2025T17:21:46 - [TEST_STEP][PASSED] - delay(2): Delayed 2 second(s)

19-03-2025T17:21:48 - [MESSAGE][PASSED] - Delayed 2 second(s)

19-03-2025T17:21:48 - [TEST_STEP][PASSED] - sendKeys(findTestObject("AutomationDemo/Page_My Account  Automation Practice Site/userPassword"), "Testing@12345"): Keys 'Testing@12345' sent to object: 'Object Repository/AutomationDemo/Page_My Account  Automation Practice Site/userPassword'

19-03-2025T17:21:48 - [MESSAGE][PASSED] - Keys 'Testing@12345' sent to object: 'Object Repository/AutomationDemo/Page_My Account  Automation Practice Site/userPassword'

19-03-2025T17:21:48 - [TEST_STEP][PASSED] - click(findTestObject("AutomationDemo/Page_My Account  Automation Practice Site/registerBtn")): Object: 'Object Repository/AutomationDemo/Page_My Account  Automation Practice Site/registerBtn' is clicked on

19-03-2025T17:21:51 - [MESSAGE][PASSED] - Object: 'Object Repository/AutomationDemo/Page_My Account  Automation Practice Site/registerBtn' is clicked on

19-03-2025T17:21:51 - [TEST_STEP][PASSED] - delay(2): Delayed 2 second(s)

19-03-2025T17:21:53 - [MESSAGE][PASSED] - Delayed 2 second(s)

19-03-2025T17:21:53 - [TEST_STEP][PASSED] - comment("User Regsistered successfully"): User Regsistered successfully

19-03-2025T17:21:53 - [MESSAGE][INFO] - User Regsistered successfully

19-03-2025T17:21:53 - [TEST_STEP][PASSED] - closeBrowser(): Browser is closed

19-03-2025T17:21:53 - [MESSAGE][PASSED] - Browser is closed]]></system-out>
         <system-err><![CDATA[]]></system-err>
      </testcase>
      <testcase name="Test Cases/LoginPage" time="22.21" classname="Test Cases/LoginPage" status="PASSED">
         <system-out><![CDATA[19-03-2025T17:21:53 - [TEST_CASE][PASSED] - Test Cases/LoginPage: Test Cases/LoginPage

19-03-2025T17:21:53 - [TEST_STEP][PASSED] - openBrowser(""): Browser is opened with url: ''

19-03-2025T17:21:53 - [MESSAGE][INFO] - Starting 'Chrome' driver

19-03-2025T17:21:53 - [MESSAGE][INFO] - Action delay is set to 0 milliseconds

19-03-2025T17:21:54 - [MESSAGE][PASSED] - Browser is opened with url: ''

19-03-2025T17:21:54 - [TEST_STEP][PASSED] - navigateToUrl(url): Navigate to 'https://practice.automationtesting.in/my-account/' successfully

19-03-2025T17:21:57 - [MESSAGE][PASSED] - Navigate to 'https://practice.automationtesting.in/my-account/' successfully

19-03-2025T17:21:57 - [TEST_STEP][PASSED] - maximizeWindow(): Current window maximized

19-03-2025T17:21:57 - [MESSAGE][PASSED] - Current window maximized

19-03-2025T17:21:57 - [TEST_STEP][PASSED] - delay(2): Delayed 2 second(s)

19-03-2025T17:22:00 - [MESSAGE][PASSED] - Delayed 2 second(s)

19-03-2025T17:22:00 - [TEST_STEP][PASSED] - sendKeys(findTestObject("AutomationDemo/Page_My Account  Automation Practice Site/Login_username"), "KKKK"): Keys 'KKKK' sent to object: 'Object Repository/AutomationDemo/Page_My Account  Automation Practice Site/Login_username'

19-03-2025T17:22:00 - [MESSAGE][PASSED] - Keys 'KKKK' sent to object: 'Object Repository/AutomationDemo/Page_My Account  Automation Practice Site/Login_username'

19-03-2025T17:22:00 - [TEST_STEP][PASSED] - delay(2): Delayed 2 second(s)

19-03-2025T17:22:02 - [MESSAGE][PASSED] - Delayed 2 second(s)

19-03-2025T17:22:02 - [TEST_STEP][PASSED] - sendKeys(findTestObject("AutomationDemo/Page_My Account  Automation Practice Site/Login__password"), "HHHHHH"): Keys 'HHHHHH' sent to object: 'Object Repository/AutomationDemo/Page_My Account  Automation Practice Site/Login__password'

19-03-2025T17:22:02 - [MESSAGE][PASSED] - Keys 'HHHHHH' sent to object: 'Object Repository/AutomationDemo/Page_My Account  Automation Practice Site/Login__password'

19-03-2025T17:22:02 - [TEST_STEP][PASSED] - click(findTestObject("AutomationDemo/Page_My Account  Automation Practice Site/LoginBtn")): Object: 'Object Repository/AutomationDemo/Page_My Account  Automation Practice Site/LoginBtn' is clicked on

19-03-2025T17:22:04 - [MESSAGE][PASSED] - Object: 'Object Repository/AutomationDemo/Page_My Account  Automation Practice Site/LoginBtn' is clicked on

19-03-2025T17:22:04 - [TEST_STEP][PASSED] - getText(findTestObject("AutomationDemo/Page_My Account  Automation Practice Site/Page_My Account  Automation Practice Site/li_Error The password you entered for the username FF is incorrect. Lost your password")): Text of object 'Object Repository/AutomationDemo/Page_My Account  Automation Practice Site/Page_My Account  Automation Practice Site/li_Error The password you entered for the username FF is incorrect. Lost your password' is: 'Error: The password you entered for the username KKKK is incorrect. Lost your password?'

19-03-2025T17:22:05 - [MESSAGE][PASSED] - Text of object 'Object Repository/AutomationDemo/Page_My Account  Automation Practice Site/Page_My Account  Automation Practice Site/li_Error The password you entered for the username FF is incorrect. Lost your password' is: 'Error: The password you entered for the username KKKK is incorrect. Lost your password?'

19-03-2025T17:22:05 - [TEST_STEP][PASSED] - comment("Login unsuccessful"): Login unsuccessful

19-03-2025T17:22:05 - [MESSAGE][INFO] - Login unsuccessful

19-03-2025T17:22:05 - [TEST_STEP][PASSED] - clearText(findTestObject("AutomationDemo/Page_My Account  Automation Practice Site/Login_username")): Text of object 'Object Repository/AutomationDemo/Page_My Account  Automation Practice Site/Login_username' is cleared

19-03-2025T17:22:05 - [MESSAGE][PASSED] - Text of object 'Object Repository/AutomationDemo/Page_My Account  Automation Practice Site/Login_username' is cleared

19-03-2025T17:22:05 - [TEST_STEP][PASSED] - clearText(findTestObject("AutomationDemo/Page_My Account  Automation Practice Site/Login__password")): Text of object 'Object Repository/AutomationDemo/Page_My Account  Automation Practice Site/Login__password' is cleared

19-03-2025T17:22:06 - [MESSAGE][PASSED] - Text of object 'Object Repository/AutomationDemo/Page_My Account  Automation Practice Site/Login__password' is cleared

19-03-2025T17:22:06 - [TEST_STEP][PASSED] - sendKeys(findTestObject("AutomationDemo/Page_My Account  Automation Practice Site/Login_username"), username): Keys 'testing2025@gmail.com' sent to object: 'Object Repository/AutomationDemo/Page_My Account  Automation Practice Site/Login_username'

19-03-2025T17:22:06 - [MESSAGE][PASSED] - Keys 'testing2025@gmail.com' sent to object: 'Object Repository/AutomationDemo/Page_My Account  Automation Practice Site/Login_username'

19-03-2025T17:22:06 - [TEST_STEP][PASSED] - delay(2): Delayed 2 second(s)

19-03-2025T17:22:08 - [MESSAGE][PASSED] - Delayed 2 second(s)

19-03-2025T17:22:08 - [TEST_STEP][PASSED] - sendKeys(findTestObject("AutomationDemo/Page_My Account  Automation Practice Site/Login__password"), password): Keys 'Testing@12345' sent to object: 'Object Repository/AutomationDemo/Page_My Account  Automation Practice Site/Login__password'

19-03-2025T17:22:08 - [MESSAGE][PASSED] - Keys 'Testing@12345' sent to object: 'Object Repository/AutomationDemo/Page_My Account  Automation Practice Site/Login__password'

19-03-2025T17:22:08 - [TEST_STEP][PASSED] - delay(2): Delayed 2 second(s)

19-03-2025T17:22:10 - [MESSAGE][PASSED] - Delayed 2 second(s)

19-03-2025T17:22:10 - [TEST_STEP][PASSED] - click(findTestObject("AutomationDemo/Page_My Account  Automation Practice Site/LoginBtn")): Object: 'Object Repository/AutomationDemo/Page_My Account  Automation Practice Site/LoginBtn' is clicked on

19-03-2025T17:22:13 - [MESSAGE][PASSED] - Object: 'Object Repository/AutomationDemo/Page_My Account  Automation Practice Site/LoginBtn' is clicked on

19-03-2025T17:22:13 - [TEST_STEP][PASSED] - delay(2): Delayed 2 second(s)

19-03-2025T17:22:15 - [MESSAGE][PASSED] - Delayed 2 second(s)

19-03-2025T17:22:15 - [TEST_STEP][PASSED] - comment("User logged in successfully"): User logged in successfully

19-03-2025T17:22:15 - [MESSAGE][INFO] - User logged in successfully

19-03-2025T17:22:15 - [TEST_STEP][PASSED] - closeBrowser(): Browser is closed

19-03-2025T17:22:16 - [MESSAGE][PASSED] - Browser is closed]]></system-out>
         <system-err><![CDATA[]]></system-err>
      </testcase>
      <system-out><![CDATA[19-03-2025T17:21:38 - [TEST_SUITE][PASSED] - DemoTestCases: Test Cases/LoginPage]]></system-out>
      <system-err><![CDATA[]]></system-err>
   </testsuite>
</testsuites>
